  main.cpp
c:\users\andrey\downloads\16 asteroids\main.cpp(18): warning C4305: инициализация: усечение из "double" к "float"
c:\users\andrey\downloads\16 asteroids\main.cpp(40): warning C4244: аргумент: преобразование "int" в "float", возможна потеря данных
c:\users\andrey\downloads\16 asteroids\main.cpp(79): warning C4244: =: преобразование "int" в "float", возможна потеря данных
c:\users\andrey\downloads\16 asteroids\main.cpp(81): warning C4244: =: преобразование "int" в "float", возможна потеря данных
c:\users\andrey\downloads\16 asteroids\main.cpp(110): warning C4244: =: преобразование "int" в "float", возможна потеря данных
c:\users\andrey\downloads\16 asteroids\main.cpp(111): warning C4244: =: преобразование "int" в "float", возможна потеря данных
c:\users\andrey\downloads\16 asteroids\main.cpp(170): warning C4244: +=: преобразование "double" в "float", возможна потеря данных
c:\users\andrey\downloads\16 asteroids\main.cpp(171): warning C4244: +=: преобразование "double" в "float", возможна потеря данных
c:\users\andrey\downloads\16 asteroids\main.cpp(175): warning C4244: -=: преобразование "double" в "float", возможна потеря данных
c:\users\andrey\downloads\16 asteroids\main.cpp(176): warning C4244: -=: преобразование "double" в "float", возможна потеря данных
c:\users\andrey\downloads\16 asteroids\main.cpp(183): warning C4305: *=: усечение из "double" к "float"
c:\users\andrey\downloads\16 asteroids\main.cpp(184): warning C4305: *=: усечение из "double" к "float"
c:\users\andrey\downloads\16 asteroids\main.cpp(265): warning C4244: аргумент: преобразование "time_t" в "unsigned int", возможна потеря данных
c:\users\andrey\downloads\16 asteroids\main.cpp(291): warning C4305: аргумент: усечение из "double" к "float"
c:\users\andrey\downloads\16 asteroids\main.cpp(292): warning C4305: аргумент: усечение из "double" к "float"
c:\users\andrey\downloads\16 asteroids\main.cpp(293): warning C4305: аргумент: усечение из "double" к "float"
c:\users\andrey\downloads\16 asteroids\main.cpp(305): warning C4018: <: несоответствие типов со знаком и без знака
c:\users\andrey\downloads\16 asteroids\main.cpp(314): warning C4244: аргумент: преобразование "int" в "float", возможна потеря данных
c:\users\andrey\downloads\16 asteroids\main.cpp(327): warning C4244: инициализация: преобразование "float" в "int", возможна потеря данных
c:\users\andrey\downloads\16 asteroids\main.cpp(339): warning C4244: аргумент: преобразование "float" в "int", возможна потеря данных
c:\users\andrey\downloads\16 asteroids\main.cpp(368): warning C4244: аргумент: преобразование "float" в "int", возможна потеря данных
c:\users\andrey\downloads\16 asteroids\main.cpp(377): warning C4244: аргумент: преобразование "int" в "float", возможна потеря данных
c:\users\andrey\downloads\16 asteroids\main.cpp(377): warning C4244: аргумент: преобразование "float" в "int", возможна потеря данных
c:\users\andrey\downloads\16 asteroids\main.cpp(410): warning C4244: аргумент: преобразование "float" в "int", возможна потеря данных
c:\users\andrey\downloads\16 asteroids\main.cpp(431): warning C4244: аргумент: преобразование "int" в "float", возможна потеря данных
  ConsoleApplication3.vcxproj -> C:\Users\Andrey\Documents\GitHub\ProjectGame\ConsoleApplication3\Debug\ConsoleApplication3.exe
